<?xml version="1.0" encoding="UTF-8"?>
<testng-results ignored="0" total="15" passed="13" failed="2" skipped="0">
  <reporter-output>
  </reporter-output>
  <suite started-at="2022-01-05T21:11:27 ICT" name="Default Suite" finished-at="2022-01-05T21:15:59 ICT" duration-ms="271691">
    <groups>
    </groups>
    <test started-at="2022-01-05T21:11:27 ICT" name="SeleniumLevel1" finished-at="2022-01-05T21:15:59 ICT" duration-ms="271691">
      <class name="Railway.TestCase09">
        <test-method is-config="true" signature="beforeMethod()[pri:0, instance:Railway.TestCase09@4b44655e]" started-at="2022-01-05T21:13:51 ICT" name="beforeMethod" finished-at="2022-01-05T21:13:52 ICT" duration-ms="1083" status="PASS">
          <reporter-output>
          </reporter-output>
        </test-method> <!-- beforeMethod -->
        <test-method signature="TC09()[pri:0, instance:Railway.TestCase09@4b44655e]" started-at="2022-01-05T21:13:52 ICT" name="TC09" finished-at="2022-01-05T21:14:06 ICT" duration-ms="14251" status="PASS">
          <reporter-output>
          </reporter-output>
        </test-method> <!-- TC09 -->
        <test-method is-config="true" signature="afterMethod()[pri:0, instance:Railway.TestCase09@4b44655e]" started-at="2022-01-05T21:14:06 ICT" name="afterMethod" finished-at="2022-01-05T21:14:07 ICT" duration-ms="733" status="PASS">
          <reporter-output>
          </reporter-output>
        </test-method> <!-- afterMethod -->
      </class> <!-- Railway.TestCase09 -->
      <class name="Railway.TestCase07">
        <test-method is-config="true" signature="beforeMethod()[pri:0, instance:Railway.TestCase07@7ff95560]" started-at="2022-01-05T21:13:30 ICT" name="beforeMethod" finished-at="2022-01-05T21:13:31 ICT" duration-ms="1079" status="PASS">
          <reporter-output>
          </reporter-output>
        </test-method> <!-- beforeMethod -->
        <test-method signature="TCO7()[pri:0, instance:Railway.TestCase07@7ff95560]" started-at="2022-01-05T21:13:31 ICT" name="TCO7" finished-at="2022-01-05T21:13:41 ICT" duration-ms="10354" status="PASS">
          <reporter-output>
          </reporter-output>
        </test-method> <!-- TCO7 -->
        <test-method is-config="true" signature="afterMethod()[pri:0, instance:Railway.TestCase07@7ff95560]" started-at="2022-01-05T21:13:41 ICT" name="afterMethod" finished-at="2022-01-05T21:13:42 ICT" duration-ms="698" status="PASS">
          <reporter-output>
          </reporter-output>
        </test-method> <!-- afterMethod -->
      </class> <!-- Railway.TestCase07 -->
      <class name="Railway.TestCase08">
        <test-method is-config="true" signature="beforeMethod()[pri:0, instance:Railway.TestCase08@7ea37dbf]" started-at="2022-01-05T21:13:42 ICT" name="beforeMethod" finished-at="2022-01-05T21:13:43 ICT" duration-ms="1085" status="PASS">
          <reporter-output>
          </reporter-output>
        </test-method> <!-- beforeMethod -->
        <test-method signature="TCO8()[pri:0, instance:Railway.TestCase08@7ea37dbf]" started-at="2022-01-05T21:13:43 ICT" name="TCO8" finished-at="2022-01-05T21:13:50 ICT" duration-ms="6858" status="PASS">
          <reporter-output>
          </reporter-output>
        </test-method> <!-- TCO8 -->
        <test-method is-config="true" signature="afterMethod()[pri:0, instance:Railway.TestCase08@7ea37dbf]" started-at="2022-01-05T21:13:50 ICT" name="afterMethod" finished-at="2022-01-05T21:13:51 ICT" duration-ms="766" status="PASS">
          <reporter-output>
          </reporter-output>
        </test-method> <!-- afterMethod -->
      </class> <!-- Railway.TestCase08 -->
      <class name="Railway.TestCase16">
        <test-method is-config="true" signature="beforeMethod()[pri:0, instance:Railway.TestCase16@501edcf1]" started-at="2022-01-05T21:14:57 ICT" name="beforeMethod" finished-at="2022-01-05T21:14:58 ICT" duration-ms="1087" status="PASS">
          <reporter-output>
          </reporter-output>
        </test-method> <!-- beforeMethod -->
        <test-method signature="TC16(java.lang.String,java.lang.String,java.lang.String,java.lang.String)[pri:0, instance:Railway.TestCase16@501edcf1]" started-at="2022-01-05T21:14:58 ICT" name="TC16" data-provider="dataProvider1" finished-at="2022-01-05T21:15:18 ICT" duration-ms="19893" status="PASS">
          <params>
            <param index="0">
              <value>
                <![CDATA[Nha Trang]]>
              </value>
            </param>
            <param index="1">
              <value>
                <![CDATA[Sài Gòn]]>
              </value>
            </param>
            <param index="2">
              <value>
                <![CDATA[Soft seat with air conditioner]]>
              </value>
            </param>
            <param index="3">
              <value>
                <![CDATA[1]]>
              </value>
            </param>
          </params>
          <reporter-output>
          </reporter-output>
        </test-method> <!-- TC16 -->
        <test-method is-config="true" signature="afterMethod()[pri:0, instance:Railway.TestCase16@501edcf1]" started-at="2022-01-05T21:15:18 ICT" name="afterMethod" finished-at="2022-01-05T21:15:19 ICT" duration-ms="734" status="PASS">
          <reporter-output>
          </reporter-output>
        </test-method> <!-- afterMethod -->
      </class> <!-- Railway.TestCase16 -->
      <class name="Railway.TestCase05">
        <test-method is-config="true" signature="beforeMethod()[pri:0, instance:Railway.TestCase05@527e5409]" started-at="2022-01-05T21:12:40 ICT" name="beforeMethod" finished-at="2022-01-05T21:12:41 ICT" duration-ms="1104" status="PASS">
          <reporter-output>
          </reporter-output>
        </test-method> <!-- beforeMethod -->
        <test-method signature="TCO5()[pri:0, instance:Railway.TestCase05@527e5409]" started-at="2022-01-05T21:12:41 ICT" name="TCO5" finished-at="2022-01-05T21:12:53 ICT" duration-ms="12079" status="FAIL">
          <exception class="java.lang.AssertionError">
            <message>
              <![CDATA[Welcome message is not displayed as expexed expected [You have used 4 out of 5 login attempts] but found [Invalid username or password. Please try again.]]]>
            </message>
            <full-stacktrace>
              <![CDATA[java.lang.AssertionError: Welcome message is not displayed as expexed expected [You have used 4 out of 5 login attempts] but found [Invalid username or password. Please try again.]
at org.testng.Assert.fail(Assert.java:99)
at org.testng.Assert.failNotEquals(Assert.java:1037)
at org.testng.Assert.assertEqualsImpl(Assert.java:140)
at org.testng.Assert.assertEquals(Assert.java:122)
at org.testng.Assert.assertEquals(Assert.java:629)
at Railway.TestCase05.TCO5(TestCase05.java:27)
at java.base/jdk.internal.reflect.NativeMethodAccessorImpl.invoke0(Native Method)
at java.base/jdk.internal.reflect.NativeMethodAccessorImpl.invoke(NativeMethodAccessorImpl.java:77)
at java.base/jdk.internal.reflect.DelegatingMethodAccessorImpl.invoke(DelegatingMethodAccessorImpl.java:43)
at java.base/java.lang.reflect.Method.invoke(Method.java:568)
at org.testng.internal.MethodInvocationHelper.invokeMethod(MethodInvocationHelper.java:133)
at org.testng.internal.TestInvoker.invokeMethod(TestInvoker.java:598)
at org.testng.internal.TestInvoker.invokeTestMethod(TestInvoker.java:173)
at org.testng.internal.MethodRunner.runInSequence(MethodRunner.java:46)
at org.testng.internal.TestInvoker$MethodInvocationAgent.invoke(TestInvoker.java:824)
at org.testng.internal.TestInvoker.invokeTestMethods(TestInvoker.java:146)
at org.testng.internal.TestMethodWorker.invokeTestMethods(TestMethodWorker.java:146)
at org.testng.internal.TestMethodWorker.run(TestMethodWorker.java:128)
at java.base/java.util.ArrayList.forEach(ArrayList.java:1511)
at org.testng.TestRunner.privateRun(TestRunner.java:794)
at org.testng.TestRunner.run(TestRunner.java:596)
at org.testng.SuiteRunner.runTest(SuiteRunner.java:377)
at org.testng.SuiteRunner.runSequentially(SuiteRunner.java:371)
at org.testng.SuiteRunner.privateRun(SuiteRunner.java:332)
at org.testng.SuiteRunner.run(SuiteRunner.java:276)
at org.testng.SuiteRunnerWorker.runSuite(SuiteRunnerWorker.java:53)
at org.testng.SuiteRunnerWorker.run(SuiteRunnerWorker.java:96)
at org.testng.TestNG.runSuitesSequentially(TestNG.java:1212)
at org.testng.TestNG.runSuitesLocally(TestNG.java:1134)
at org.testng.TestNG.runSuites(TestNG.java:1063)
at org.testng.TestNG.run(TestNG.java:1031)
at com.intellij.rt.testng.IDEARemoteTestNG.run(IDEARemoteTestNG.java:66)
at com.intellij.rt.testng.RemoteTestNGStarter.main(RemoteTestNGStarter.java:109)
]]>
            </full-stacktrace>
          </exception> <!-- java.lang.AssertionError -->
          <reporter-output>
          </reporter-output>
        </test-method> <!-- TCO5 -->
        <test-method is-config="true" signature="afterMethod()[pri:0, instance:Railway.TestCase05@527e5409]" started-at="2022-01-05T21:12:53 ICT" name="afterMethod" finished-at="2022-01-05T21:12:53 ICT" duration-ms="632" status="PASS">
          <reporter-output>
          </reporter-output>
        </test-method> <!-- afterMethod -->
      </class> <!-- Railway.TestCase05 -->
      <class name="Railway.TestCase17">
        <test-method is-config="true" signature="beforeMethod()[pri:0, instance:Railway.TestCase17@78b729e6]" started-at="2022-01-05T21:15:19 ICT" name="beforeMethod" finished-at="2022-01-05T21:15:20 ICT" duration-ms="1105" status="PASS">
          <reporter-output>
          </reporter-output>
        </test-method> <!-- beforeMethod -->
        <test-method signature="TC17(java.lang.String,java.lang.String,java.lang.String,java.lang.String,java.lang.String)[pri:0, instance:Railway.TestCase17@78b729e6]" started-at="2022-01-05T21:15:20 ICT" name="TC17" data-provider="dataProvider2" finished-at="2022-01-05T21:15:58 ICT" duration-ms="38362" status="PASS">
          <params>
            <param index="0">
              <value>
                <![CDATA[Nha Trang]]>
              </value>
            </param>
            <param index="1">
              <value>
                <![CDATA[Sài Gòn]]>
              </value>
            </param>
            <param index="2">
              <value>
                <![CDATA[Soft seat with air conditioner]]>
              </value>
            </param>
            <param index="3">
              <value>
                <![CDATA[10]]>
              </value>
            </param>
            <param index="4">
              <value>
                <![CDATA[1]]>
              </value>
            </param>
          </params>
          <reporter-output>
          </reporter-output>
        </test-method> <!-- TC17 -->
        <test-method is-config="true" signature="afterMethod()[pri:0, instance:Railway.TestCase17@78b729e6]" started-at="2022-01-05T21:15:58 ICT" name="afterMethod" finished-at="2022-01-05T21:15:59 ICT" duration-ms="641" status="PASS">
          <reporter-output>
          </reporter-output>
        </test-method> <!-- afterMethod -->
      </class> <!-- Railway.TestCase17 -->
      <class name="Railway.TestCase06">
        <test-method is-config="true" signature="beforeMethod()[pri:0, instance:Railway.TestCase06@1198b989]" started-at="2022-01-05T21:12:53 ICT" name="beforeMethod" finished-at="2022-01-05T21:12:55 ICT" duration-ms="1087" status="PASS">
          <reporter-output>
          </reporter-output>
        </test-method> <!-- beforeMethod -->
        <test-method signature="TCO6()[pri:0, instance:Railway.TestCase06@1198b989]" started-at="2022-01-05T21:12:55 ICT" name="TCO6" finished-at="2022-01-05T21:13:29 ICT" duration-ms="34897" status="PASS">
          <reporter-output>
          </reporter-output>
        </test-method> <!-- TCO6 -->
        <test-method is-config="true" signature="afterMethod()[pri:0, instance:Railway.TestCase06@1198b989]" started-at="2022-01-05T21:13:29 ICT" name="afterMethod" finished-at="2022-01-05T21:13:30 ICT" duration-ms="587" status="PASS">
          <reporter-output>
          </reporter-output>
        </test-method> <!-- afterMethod -->
      </class> <!-- Railway.TestCase06 -->
      <class name="Railway.TestCase14">
        <test-method is-config="true" signature="beforeMethod()[pri:0, instance:Railway.TestCase14@78dd667e]" started-at="2022-01-05T21:14:30 ICT" name="beforeMethod" finished-at="2022-01-05T21:14:31 ICT" duration-ms="1089" status="PASS">
          <reporter-output>
          </reporter-output>
        </test-method> <!-- beforeMethod -->
        <test-method signature="TC14(java.lang.String,java.lang.String,java.lang.String,java.lang.String)[pri:0, instance:Railway.TestCase14@78dd667e]" started-at="2022-01-05T21:14:31 ICT" name="TC14" data-provider="dataProvider" finished-at="2022-01-05T21:14:45 ICT" duration-ms="13729" status="PASS">
          <params>
            <param index="0">
              <value>
                <![CDATA[Nha Trang]]>
              </value>
            </param>
            <param index="1">
              <value>
                <![CDATA[Sài Gòn]]>
              </value>
            </param>
            <param index="2">
              <value>
                <![CDATA[Soft seat with air conditioner]]>
              </value>
            </param>
            <param index="3">
              <value>
                <![CDATA[5]]>
              </value>
            </param>
          </params>
          <reporter-output>
          </reporter-output>
        </test-method> <!-- TC14 -->
        <test-method is-config="true" signature="afterMethod()[pri:0, instance:Railway.TestCase14@78dd667e]" started-at="2022-01-05T21:14:45 ICT" name="afterMethod" finished-at="2022-01-05T21:14:45 ICT" duration-ms="612" status="PASS">
          <reporter-output>
          </reporter-output>
        </test-method> <!-- afterMethod -->
      </class> <!-- Railway.TestCase14 -->
      <class name="Railway.TestCase03">
        <test-method is-config="true" signature="beforeMethod()[pri:0, instance:Railway.TestCase03@7fc229ab]" started-at="2022-01-05T21:11:55 ICT" name="beforeMethod" finished-at="2022-01-05T21:11:56 ICT" duration-ms="1178" status="PASS">
          <reporter-output>
          </reporter-output>
        </test-method> <!-- beforeMethod -->
        <test-method signature="TCO3()[pri:0, instance:Railway.TestCase03@7fc229ab]" started-at="2022-01-05T21:11:56 ICT" name="TCO3" finished-at="2022-01-05T21:12:26 ICT" duration-ms="29914" status="PASS">
          <reporter-output>
          </reporter-output>
        </test-method> <!-- TCO3 -->
        <test-method is-config="true" signature="afterMethod()[pri:0, instance:Railway.TestCase03@7fc229ab]" started-at="2022-01-05T21:12:26 ICT" name="afterMethod" finished-at="2022-01-05T21:12:26 ICT" duration-ms="629" status="PASS">
          <reporter-output>
          </reporter-output>
        </test-method> <!-- afterMethod -->
      </class> <!-- Railway.TestCase03 -->
      <class name="Railway.TestCase15">
        <test-method is-config="true" signature="beforeMethod()[pri:0, instance:Railway.TestCase15@10db82ae]" started-at="2022-01-05T21:14:45 ICT" name="beforeMethod" finished-at="2022-01-05T21:14:46 ICT" duration-ms="1087" status="PASS">
          <reporter-output>
          </reporter-output>
        </test-method> <!-- beforeMethod -->
        <test-method signature="TC15()[pri:0, instance:Railway.TestCase15@10db82ae]" started-at="2022-01-05T21:14:46 ICT" name="TC15" finished-at="2022-01-05T21:14:56 ICT" duration-ms="10037" status="FAIL">
          <exception class="java.lang.AssertionError">
            <message>
              <![CDATA[expected [Ticket price from Đà Nẵng to Sài Gòn] but found [Ticket price from Sài Gòn to Phan Thiết]]]>
            </message>
            <full-stacktrace>
              <![CDATA[java.lang.AssertionError: expected [Ticket price from Đà Nẵng to Sài Gòn] but found [Ticket price from Sài Gòn to Phan Thiết]
at org.testng.Assert.fail(Assert.java:99)
at org.testng.Assert.failNotEquals(Assert.java:1037)
at org.testng.Assert.assertEqualsImpl(Assert.java:140)
at org.testng.Assert.assertEquals(Assert.java:122)
at org.testng.Assert.assertEquals(Assert.java:629)
at org.testng.Assert.assertEquals(Assert.java:639)
at Railway.TestCase15.TC15(TestCase15.java:32)
at java.base/jdk.internal.reflect.NativeMethodAccessorImpl.invoke0(Native Method)
at java.base/jdk.internal.reflect.NativeMethodAccessorImpl.invoke(NativeMethodAccessorImpl.java:77)
at java.base/jdk.internal.reflect.DelegatingMethodAccessorImpl.invoke(DelegatingMethodAccessorImpl.java:43)
at java.base/java.lang.reflect.Method.invoke(Method.java:568)
at org.testng.internal.MethodInvocationHelper.invokeMethod(MethodInvocationHelper.java:133)
at org.testng.internal.TestInvoker.invokeMethod(TestInvoker.java:598)
at org.testng.internal.TestInvoker.invokeTestMethod(TestInvoker.java:173)
at org.testng.internal.MethodRunner.runInSequence(MethodRunner.java:46)
at org.testng.internal.TestInvoker$MethodInvocationAgent.invoke(TestInvoker.java:824)
at org.testng.internal.TestInvoker.invokeTestMethods(TestInvoker.java:146)
at org.testng.internal.TestMethodWorker.invokeTestMethods(TestMethodWorker.java:146)
at org.testng.internal.TestMethodWorker.run(TestMethodWorker.java:128)
at java.base/java.util.ArrayList.forEach(ArrayList.java:1511)
at org.testng.TestRunner.privateRun(TestRunner.java:794)
at org.testng.TestRunner.run(TestRunner.java:596)
at org.testng.SuiteRunner.runTest(SuiteRunner.java:377)
at org.testng.SuiteRunner.runSequentially(SuiteRunner.java:371)
at org.testng.SuiteRunner.privateRun(SuiteRunner.java:332)
at org.testng.SuiteRunner.run(SuiteRunner.java:276)
at org.testng.SuiteRunnerWorker.runSuite(SuiteRunnerWorker.java:53)
at org.testng.SuiteRunnerWorker.run(SuiteRunnerWorker.java:96)
at org.testng.TestNG.runSuitesSequentially(TestNG.java:1212)
at org.testng.TestNG.runSuitesLocally(TestNG.java:1134)
at org.testng.TestNG.runSuites(TestNG.java:1063)
at org.testng.TestNG.run(TestNG.java:1031)
at com.intellij.rt.testng.IDEARemoteTestNG.run(IDEARemoteTestNG.java:66)
at com.intellij.rt.testng.RemoteTestNGStarter.main(RemoteTestNGStarter.java:109)
]]>
            </full-stacktrace>
          </exception> <!-- java.lang.AssertionError -->
          <reporter-output>
          </reporter-output>
        </test-method> <!-- TC15 -->
        <test-method is-config="true" signature="afterMethod()[pri:0, instance:Railway.TestCase15@10db82ae]" started-at="2022-01-05T21:14:56 ICT" name="afterMethod" finished-at="2022-01-05T21:14:57 ICT" duration-ms="608" status="PASS">
          <reporter-output>
          </reporter-output>
        </test-method> <!-- afterMethod -->
      </class> <!-- Railway.TestCase15 -->
      <class name="Railway.TestCase04">
        <test-method is-config="true" signature="beforeMethod()[pri:0, instance:Railway.TestCase04@2cbb3d47]" started-at="2022-01-05T21:12:26 ICT" name="beforeMethod" finished-at="2022-01-05T21:12:27 ICT" duration-ms="1113" status="PASS">
          <reporter-output>
          </reporter-output>
        </test-method> <!-- beforeMethod -->
        <test-method signature="TCO4()[pri:0, instance:Railway.TestCase04@2cbb3d47]" started-at="2022-01-05T21:12:27 ICT" name="TCO4" finished-at="2022-01-05T21:12:39 ICT" duration-ms="11596" status="PASS">
          <reporter-output>
          </reporter-output>
        </test-method> <!-- TCO4 -->
        <test-method is-config="true" signature="afterMethod()[pri:0, instance:Railway.TestCase04@2cbb3d47]" started-at="2022-01-05T21:12:39 ICT" name="afterMethod" finished-at="2022-01-05T21:12:40 ICT" duration-ms="696" status="PASS">
          <reporter-output>
          </reporter-output>
        </test-method> <!-- afterMethod -->
      </class> <!-- Railway.TestCase04 -->
      <class name="Railway.TestCase01">
        <test-method is-config="true" signature="beforeMethod()[pri:0, instance:Railway.TestCase01@2d9d4f9d]" started-at="2022-01-05T21:11:27 ICT" name="beforeMethod" finished-at="2022-01-05T21:11:29 ICT" duration-ms="2189" status="PASS">
          <reporter-output>
          </reporter-output>
        </test-method> <!-- beforeMethod -->
        <test-method signature="TCO1()[pri:0, instance:Railway.TestCase01@2d9d4f9d]" started-at="2022-01-05T21:11:29 ICT" name="TCO1" finished-at="2022-01-05T21:11:44 ICT" duration-ms="14139" status="PASS">
          <reporter-output>
          </reporter-output>
        </test-method> <!-- TCO1 -->
        <test-method is-config="true" signature="afterMethod()[pri:0, instance:Railway.TestCase01@2d9d4f9d]" started-at="2022-01-05T21:11:44 ICT" name="afterMethod" finished-at="2022-01-05T21:11:44 ICT" duration-ms="754" status="PASS">
          <reporter-output>
          </reporter-output>
        </test-method> <!-- afterMethod -->
      </class> <!-- Railway.TestCase01 -->
      <class name="Railway.TestCase02">
        <test-method is-config="true" signature="beforeMethod()[pri:0, instance:Railway.TestCase02@6e75aa0d]" started-at="2022-01-05T21:11:44 ICT" name="beforeMethod" finished-at="2022-01-05T21:11:45 ICT" duration-ms="1099" status="PASS">
          <reporter-output>
          </reporter-output>
        </test-method> <!-- beforeMethod -->
        <test-method signature="TCO2()[pri:0, instance:Railway.TestCase02@6e75aa0d]" started-at="2022-01-05T21:11:45 ICT" name="TCO2" finished-at="2022-01-05T21:11:54 ICT" duration-ms="8308" status="PASS">
          <reporter-output>
          </reporter-output>
        </test-method> <!-- TCO2 -->
        <test-method is-config="true" signature="afterMethod()[pri:0, instance:Railway.TestCase02@6e75aa0d]" started-at="2022-01-05T21:11:54 ICT" name="afterMethod" finished-at="2022-01-05T21:11:55 ICT" duration-ms="765" status="PASS">
          <reporter-output>
          </reporter-output>
        </test-method> <!-- afterMethod -->
      </class> <!-- Railway.TestCase02 -->
      <class name="Railway.TestCase10">
        <test-method is-config="true" signature="beforeMethod()[pri:0, instance:Railway.TestCase10@290d210d]" started-at="2022-01-05T21:14:07 ICT" name="beforeMethod" finished-at="2022-01-05T21:14:08 ICT" duration-ms="1075" status="PASS">
          <reporter-output>
          </reporter-output>
        </test-method> <!-- beforeMethod -->
        <test-method signature="TC10()[pri:0, instance:Railway.TestCase10@290d210d]" started-at="2022-01-05T21:14:08 ICT" name="TC10" finished-at="2022-01-05T21:14:18 ICT" duration-ms="9780" status="PASS">
          <reporter-output>
          </reporter-output>
        </test-method> <!-- TC10 -->
        <test-method is-config="true" signature="afterMethod()[pri:0, instance:Railway.TestCase10@290d210d]" started-at="2022-01-05T21:14:18 ICT" name="afterMethod" finished-at="2022-01-05T21:14:18 ICT" duration-ms="673" status="PASS">
          <reporter-output>
          </reporter-output>
        </test-method> <!-- afterMethod -->
      </class> <!-- Railway.TestCase10 -->
      <class name="Railway.TestCase11">
        <test-method is-config="true" signature="beforeMethod()[pri:0, instance:Railway.TestCase11@1d76aeea]" started-at="2022-01-05T21:14:18 ICT" name="beforeMethod" finished-at="2022-01-05T21:14:20 ICT" duration-ms="1093" status="PASS">
          <reporter-output>
          </reporter-output>
        </test-method> <!-- beforeMethod -->
        <test-method signature="TC11()[pri:0, instance:Railway.TestCase11@1d76aeea]" started-at="2022-01-05T21:14:20 ICT" name="TC11" finished-at="2022-01-05T21:14:29 ICT" duration-ms="9704" status="PASS">
          <reporter-output>
          </reporter-output>
        </test-method> <!-- TC11 -->
        <test-method is-config="true" signature="afterMethod()[pri:0, instance:Railway.TestCase11@1d76aeea]" started-at="2022-01-05T21:14:29 ICT" name="afterMethod" finished-at="2022-01-05T21:14:30 ICT" duration-ms="600" status="PASS">
          <reporter-output>
          </reporter-output>
        </test-method> <!-- afterMethod -->
      </class> <!-- Railway.TestCase11 -->
    </test> <!-- SeleniumLevel1 -->
  </suite> <!-- Default Suite -->
</testng-results>
