<?xml version="1.0" encoding="UTF-8"?>
<!-- Generated by org.testng.reporters.JUnitXMLReporter -->
<testsuite ignored="0" hostname="Admin" failures="2" tests="15" name="SeleniumLevel1" time="271.691" errors="0" timestamp="2022-01-05T21:15:59 ICT">
  <testcase classname="Railway.TestCase01" name="TCO1" time="14.139"/>
  <testcase classname="Railway.TestCase02" name="TCO2" time="8.308"/>
  <testcase classname="Railway.TestCase03" name="TCO3" time="29.914"/>
  <testcase classname="Railway.TestCase04" name="TCO4" time="11.596"/>
  <testcase classname="Railway.TestCase05" name="TCO5" time="12.079">
    <failure type="java.lang.AssertionError" message="Welcome message is not displayed as expexed expected [You have used 4 out of 5 login attempts] but found [Invalid username or password. Please try again.]">
      <![CDATA[java.lang.AssertionError: Welcome message is not displayed as expexed expected [You have used 4 out of 5 login attempts] but found [Invalid username or password. Please try again.]
at Railway.TestCase05.TCO5(TestCase05.java:27)
at java.base/java.util.ArrayList.forEach(ArrayList.java:1511)
at com.intellij.rt.testng.IDEARemoteTestNG.run(IDEARemoteTestNG.java:66)
at com.intellij.rt.testng.RemoteTestNGStarter.main(RemoteTestNGStarter.java:109)
... Removed 29 stack frames]]>
    </failure>
  </testcase> <!-- TCO5 -->
  <testcase classname="Railway.TestCase06" name="TCO6" time="34.897"/>
  <testcase classname="Railway.TestCase07" name="TCO7" time="10.354"/>
  <testcase classname="Railway.TestCase08" name="TCO8" time="6.858"/>
  <testcase classname="Railway.TestCase09" name="TC09" time="14.251"/>
  <testcase classname="Railway.TestCase10" name="TC10" time="9.78"/>
  <testcase classname="Railway.TestCase11" name="TC11" time="9.704"/>
  <testcase classname="Railway.TestCase14" name="TC14" time="13.729"/>
  <testcase classname="Railway.TestCase15" name="TC15" time="10.037">
    <failure type="java.lang.AssertionError" message="expected [Ticket price from Đà Nẵng to Sài Gòn] but found [Ticket price from Sài Gòn to Phan Thiết]">
      <![CDATA[java.lang.AssertionError: expected [Ticket price from Đà Nẵng to Sài Gòn] but found [Ticket price from Sài Gòn to Phan Thiết]
at Railway.TestCase15.TC15(TestCase15.java:32)
at java.base/java.util.ArrayList.forEach(ArrayList.java:1511)
at com.intellij.rt.testng.IDEARemoteTestNG.run(IDEARemoteTestNG.java:66)
at com.intellij.rt.testng.RemoteTestNGStarter.main(RemoteTestNGStarter.java:109)
... Removed 30 stack frames]]>
    </failure>
  </testcase> <!-- TC15 -->
  <testcase classname="Railway.TestCase16" name="TC16" time="19.893"/>
  <testcase classname="Railway.TestCase17" name="TC17" time="38.362"/>
</testsuite> <!-- SeleniumLevel1 -->
